<?xml version="1.0" encoding="UTF-8" ?>
<testsuite errors="0" failures="0" hostname="ABSI-Charlottew" name="aka.jmetadataquery.test.JMetadataQuery_Test" skipped="0" tests="21" time="5.033" timestamp="2017-07-24T06:00:30">
  <properties>
[...]
</properties>
  <testcase classname="aka.jmetadataquery.test.JMetadataQuery_Test" name="testAudioCodecSearch" time="0.92" />
  <testcase classname="aka.jmetadataquery.test.JMetadataQuery_Test" name="testVideoMaxBitRateSearch" time="0.384" />
  <testcase classname="aka.jmetadataquery.test.JMetadataQuery_Test" name="testVideoAspectRatioSearch" time="0.128" />
  <testcase classname="aka.jmetadataquery.test.JMetadataQuery_Test" name="testANDSearch" time="0.307" />
  <testcase classname="aka.jmetadataquery.test.JMetadataQuery_Test" name="testTextLanguageSearch" time="0.38" />
  <testcase classname="aka.jmetadataquery.test.JMetadataQuery_Test" name="testORSearch" time="0.058" />
  <testcase classname="aka.jmetadataquery.test.JMetadataQuery_Test" name="testAudioFormatSearch" time="0.244" />
  <testcase classname="aka.jmetadataquery.test.JMetadataQuery_Test" name="testAudioProfileSearch" time="0.108" />
  <testcase classname="aka.jmetadataquery.test.JMetadataQuery_Test" name="testAudioCompressionModeSearch" time="0.099" />
  <testcase classname="aka.jmetadataquery.test.JMetadataQuery_Test" name="testAudioBitRateSearch" time="0.288" />
  <testcase classname="aka.jmetadataquery.test.JMetadataQuery_Test" name="testMultipleSearch" time="0.319" />
  <testcase classname="aka.jmetadataquery.test.JMetadataQuery_Test" name="testAudioLanguageSearch" time="0.068" />
  <testcase classname="aka.jmetadataquery.test.JMetadataQuery_Test" name="testVideoCodecSearch" time="0.096" />
  <testcase classname="aka.jmetadataquery.test.JMetadataQuery_Test" name="testSameStreamSearch" time="0.237" />
  <testcase classname="aka.jmetadataquery.test.JMetadataQuery_Test" name="testFileExtensionSearch" time="0.066" />
  <testcase classname="aka.jmetadataquery.test.JMetadataQuery_Test" name="testVideoFormatSearch" time="0.072" />
  <testcase classname="aka.jmetadataquery.test.JMetadataQuery_Test" name="testMultiple" time="0.067" />
  <testcase classname="aka.jmetadataquery.test.JMetadataQuery_Test" name="testAudioChannelSearch" time="0.268" />
  <testcase classname="aka.jmetadataquery.test.JMetadataQuery_Test" name="testGeneralDurationSearch" time="0.28" />
  <testcase classname="aka.jmetadataquery.test.JMetadataQuery_Test" name="testVideoResolutionSearch" time="0.123" />
  <testcase classname="aka.jmetadataquery.test.JMetadataQuery_Test" name="testFileSizeSearch" time="0.316" />
  <system-out><![CDATA[]]></system-out>
  <system-err><![CDATA[[MediaInfo] MediaInfo - 
[MediaInfo] MediaInfo - 1
Jul 24, 2017 8:00:30 AM aka.jmetadata.main.mediainfo.MediaInfo <init>
INFO: Loading MediaInfo library
Jul 24, 2017 8:00:31 AM aka.jmetadata.main.mediainfo.MediaInfo <init>
INFO: Loaded MediaInfoLib - v0.7.95
[MediaInfo] MediaInfo - 
[MediaInfo] MediaInfo - 1
Jul 24, 2017 8:00:31 AM aka.jmetadata.main.mediainfo.MediaInfo <init>
INFO: Loading MediaInfo library
Jul 24, 2017 8:00:31 AM aka.jmetadata.main.mediainfo.MediaInfo <init>
INFO: Loaded MediaInfoLib - v0.7.95
[MediaInfo] MediaInfo - 
[MediaInfo] MediaInfo - 1
Jul 24, 2017 8:00:31 AM aka.jmetadata.main.mediainfo.MediaInfo <init>
INFO: Loading MediaInfo library
Jul 24, 2017 8:00:31 AM aka.jmetadata.main.mediainfo.MediaInfo <init>
INFO: Loaded MediaInfoLib - v0.7.95
[MediaInfo] MediaInfo - 
[MediaInfo] MediaInfo - 1
Jul 24, 2017 8:00:31 AM aka.jmetadata.main.mediainfo.MediaInfo <init>
INFO: Loading MediaInfo library
Jul 24, 2017 8:00:31 AM aka.jmetadata.main.mediainfo.MediaInfo <init>
INFO: Loaded MediaInfoLib - v0.7.95
[MediaInfo] MediaInfo - 
[MediaInfo] MediaInfo - 1
Jul 24, 2017 8:00:31 AM aka.jmetadata.main.mediainfo.MediaInfo <init>
INFO: Loading MediaInfo library
Jul 24, 2017 8:00:31 AM aka.jmetadata.main.mediainfo.MediaInfo <init>
INFO: Loaded MediaInfoLib - v0.7.95
[MediaInfo] MediaInfo - 
[MediaInfo] MediaInfo - 1
Jul 24, 2017 8:00:31 AM aka.jmetadata.main.mediainfo.MediaInfo <init>
INFO: Loading MediaInfo library
Jul 24, 2017 8:00:31 AM aka.jmetadata.main.mediainfo.MediaInfo <init>
INFO: Loaded MediaInfoLib - v0.7.95
[MediaInfo] MediaInfo - 
[MediaInfo] MediaInfo - 1
Jul 24, 2017 8:00:31 AM aka.jmetadata.main.mediainfo.MediaInfo <init>
INFO: Loading MediaInfo library
Jul 24, 2017 8:00:31 AM aka.jmetadata.main.mediainfo.MediaInfo <init>
INFO: Loaded MediaInfoLib - v0.7.95
[MediaInfo] MediaInfo - 
[MediaInfo] MediaInfo - 1
Jul 24, 2017 8:00:31 AM aka.jmetadata.main.mediainfo.MediaInfo <init>
INFO: Loading MediaInfo library
Jul 24, 2017 8:00:31 AM aka.jmetadata.main.mediainfo.MediaInfo <init>
INFO: Loaded MediaInfoLib - v0.7.95
[MediaInfo] MediaInfo - 
[MediaInfo] MediaInfo - 1
Jul 24, 2017 8:00:31 AM aka.jmetadata.main.mediainfo.MediaInfo <init>
INFO: Loading MediaInfo library
Jul 24, 2017 8:00:31 AM aka.jmetadata.main.mediainfo.MediaInfo <init>
INFO: Loaded MediaInfoLib - v0.7.95
[MediaInfo] MediaInfo - 
[MediaInfo] MediaInfo - 1
Jul 24, 2017 8:00:31 AM aka.jmetadata.main.mediainfo.MediaInfo <init>
INFO: Loading MediaInfo library
Jul 24, 2017 8:00:31 AM aka.jmetadata.main.mediainfo.MediaInfo <init>
INFO: Loaded MediaInfoLib - v0.7.95
[MediaInfo] MediaInfo - 
[MediaInfo] MediaInfo - 1
Jul 24, 2017 8:00:31 AM aka.jmetadata.main.mediainfo.MediaInfo <init>
INFO: Loading MediaInfo library
Jul 24, 2017 8:00:31 AM aka.jmetadata.main.mediainfo.MediaInfo <init>
INFO: Loaded MediaInfoLib - v0.7.95
[MediaInfo] MediaInfo - 
[MediaInfo] MediaInfo - 1
Jul 24, 2017 8:00:31 AM aka.jmetadata.main.mediainfo.MediaInfo <init>
INFO: Loading MediaInfo library
Jul 24, 2017 8:00:31 AM aka.jmetadata.main.mediainfo.MediaInfo <init>
INFO: Loaded MediaInfoLib - v0.7.95
[MediaInfo] MediaInfo - 
[MediaInfo] MediaInfo - 1
Jul 24, 2017 8:00:31 AM aka.jmetadata.main.mediainfo.MediaInfo <init>
INFO: Loading MediaInfo library
Jul 24, 2017 8:00:31 AM aka.jmetadata.main.mediainfo.MediaInfo <init>
INFO: Loaded MediaInfoLib - v0.7.95
[MediaInfo] MediaInfo - 
[MediaInfo] MediaInfo - 1
Jul 24, 2017 8:00:31 AM aka.jmetadata.main.mediainfo.MediaInfo <init>
INFO: Loading MediaInfo library
Jul 24, 2017 8:00:31 AM aka.jmetadata.main.mediainfo.MediaInfo <init>
INFO: Loaded MediaInfoLib - v0.7.95
[MediaInfo] MediaInfo - 
[MediaInfo] MediaInfo - 1
Jul 24, 2017 8:00:31 AM aka.jmetadata.main.mediainfo.MediaInfo <init>
INFO: Loading MediaInfo library
Jul 24, 2017 8:00:31 AM aka.jmetadata.main.mediainfo.MediaInfo <init>
INFO: Loaded MediaInfoLib - v0.7.95
[MediaInfo] MediaInfo - 
[MediaInfo] MediaInfo - 1
Jul 24, 2017 8:00:31 AM aka.jmetadata.main.mediainfo.MediaInfo <init>
INFO: Loading MediaInfo library
Jul 24, 2017 8:00:31 AM aka.jmetadata.main.mediainfo.MediaInfo <init>
INFO: Loaded MediaInfoLib - v0.7.95
[MediaInfo] MediaInfo - 
[MediaInfo] MediaInfo - 1
Jul 24, 2017 8:00:32 AM aka.jmetadata.main.mediainfo.MediaInfo <init>
INFO: Loading MediaInfo library
Jul 24, 2017 8:00:32 AM aka.jmetadata.main.mediainfo.MediaInfo <init>
INFO: Loaded MediaInfoLib - v0.7.95
[MediaInfo] MediaInfo - 
[MediaInfo] MediaInfo - 1
Jul 24, 2017 8:00:32 AM aka.jmetadata.main.mediainfo.MediaInfo <init>
INFO: Loading MediaInfo library
Jul 24, 2017 8:00:32 AM aka.jmetadata.main.mediainfo.MediaInfo <init>
INFO: Loaded MediaInfoLib - v0.7.95
[MediaInfo] MediaInfo - 
[MediaInfo] MediaInfo - 1
Jul 24, 2017 8:00:32 AM aka.jmetadata.main.mediainfo.MediaInfo <init>
INFO: Loading MediaInfo library
Jul 24, 2017 8:00:32 AM aka.jmetadata.main.mediainfo.MediaInfo <init>
INFO: Loaded MediaInfoLib - v0.7.95
[MediaInfo] MediaInfo - 
[MediaInfo] MediaInfo - 1
Jul 24, 2017 8:00:32 AM aka.jmetadata.main.mediainfo.MediaInfo <init>
INFO: Loading MediaInfo library
Jul 24, 2017 8:00:32 AM aka.jmetadata.main.mediainfo.MediaInfo <init>
INFO: Loaded MediaInfoLib - v0.7.95
[MediaInfo] MediaInfo - 
[MediaInfo] MediaInfo - 1
Jul 24, 2017 8:00:32 AM aka.jmetadata.main.mediainfo.MediaInfo <init>
INFO: Loading MediaInfo library
Jul 24, 2017 8:00:32 AM aka.jmetadata.main.mediainfo.MediaInfo <init>
INFO: Loaded MediaInfoLib - v0.7.95
[MediaInfo] MediaInfo - 
[MediaInfo] MediaInfo - 1
Jul 24, 2017 8:00:32 AM aka.jmetadata.main.mediainfo.MediaInfo <init>
INFO: Loading MediaInfo library
Jul 24, 2017 8:00:32 AM aka.jmetadata.main.mediainfo.MediaInfo <init>
INFO: Loaded MediaInfoLib - v0.7.95
[MediaInfo] MediaInfo - 
[MediaInfo] MediaInfo - 1
Jul 24, 2017 8:00:32 AM aka.jmetadata.main.mediainfo.MediaInfo <init>
INFO: Loading MediaInfo library
Jul 24, 2017 8:00:32 AM aka.jmetadata.main.mediainfo.MediaInfo <init>
INFO: Loaded MediaInfoLib - v0.7.95
[MediaInfo] MediaInfo - 
[MediaInfo] MediaInfo - 1
Jul 24, 2017 8:00:32 AM aka.jmetadata.main.mediainfo.MediaInfo <init>
INFO: Loading MediaInfo library
Jul 24, 2017 8:00:32 AM aka.jmetadata.main.mediainfo.MediaInfo <init>
INFO: Loaded MediaInfoLib - v0.7.95
[MediaInfo] MediaInfo - 
[MediaInfo] MediaInfo - 1
Jul 24, 2017 8:00:32 AM aka.jmetadata.main.mediainfo.MediaInfo <init>
INFO: Loading MediaInfo library
Jul 24, 2017 8:00:32 AM aka.jmetadata.main.mediainfo.MediaInfo <init>
INFO: Loaded MediaInfoLib - v0.7.95
[MediaInfo] MediaInfo - 
[MediaInfo] MediaInfo - 1
Jul 24, 2017 8:00:32 AM aka.jmetadata.main.mediainfo.MediaInfo <init>
INFO: Loading MediaInfo library
Jul 24, 2017 8:00:32 AM aka.jmetadata.main.mediainfo.MediaInfo <init>
INFO: Loaded MediaInfoLib - v0.7.95
[MediaInfo] MediaInfo - 
[MediaInfo] MediaInfo - 1
Jul 24, 2017 8:00:33 AM aka.jmetadata.main.mediainfo.MediaInfo <init>
INFO: Loading MediaInfo library
Jul 24, 2017 8:00:33 AM aka.jmetadata.main.mediainfo.MediaInfo <init>
INFO: Loaded MediaInfoLib - v0.7.95
[MediaInfo] MediaInfo - 
[MediaInfo] MediaInfo - 1
Jul 24, 2017 8:00:33 AM aka.jmetadata.main.mediainfo.MediaInfo <init>
INFO: Loading MediaInfo library
Jul 24, 2017 8:00:33 AM aka.jmetadata.main.mediainfo.MediaInfo <init>
INFO: Loaded MediaInfoLib - v0.7.95
[MediaInfo] MediaInfo - 
[MediaInfo] MediaInfo - 1
Jul 24, 2017 8:00:33 AM aka.jmetadata.main.mediainfo.MediaInfo <init>
INFO: Loading MediaInfo library
Jul 24, 2017 8:00:33 AM aka.jmetadata.main.mediainfo.MediaInfo <init>
INFO: Loaded MediaInfoLib - v0.7.95
[MediaInfo] MediaInfo - 
[MediaInfo] MediaInfo - 1
Jul 24, 2017 8:00:33 AM aka.jmetadata.main.mediainfo.MediaInfo <init>
INFO: Loading MediaInfo library
Jul 24, 2017 8:00:33 AM aka.jmetadata.main.mediainfo.MediaInfo <init>
INFO: Loaded MediaInfoLib - v0.7.95
[MediaInfo] MediaInfo - 
[MediaInfo] MediaInfo - 1
Jul 24, 2017 8:00:33 AM aka.jmetadata.main.mediainfo.MediaInfo <init>
INFO: Loading MediaInfo library
Jul 24, 2017 8:00:33 AM aka.jmetadata.main.mediainfo.MediaInfo <init>
INFO: Loaded MediaInfoLib - v0.7.95
[MediaInfo] MediaInfo - 
[MediaInfo] MediaInfo - 1
Jul 24, 2017 8:00:33 AM aka.jmetadata.main.mediainfo.MediaInfo <init>
INFO: Loading MediaInfo library
Jul 24, 2017 8:00:33 AM aka.jmetadata.main.mediainfo.MediaInfo <init>
INFO: Loaded MediaInfoLib - v0.7.95
[MediaInfo] MediaInfo - 
[MediaInfo] MediaInfo - 1
Jul 24, 2017 8:00:33 AM aka.jmetadata.main.mediainfo.MediaInfo <init>
INFO: Loading MediaInfo library
Jul 24, 2017 8:00:33 AM aka.jmetadata.main.mediainfo.MediaInfo <init>
INFO: Loaded MediaInfoLib - v0.7.95
[MediaInfo] MediaInfo - 
[MediaInfo] MediaInfo - 1
Jul 24, 2017 8:00:33 AM aka.jmetadata.main.mediainfo.MediaInfo <init>
INFO: Loading MediaInfo library
Jul 24, 2017 8:00:33 AM aka.jmetadata.main.mediainfo.MediaInfo <init>
INFO: Loaded MediaInfoLib - v0.7.95
[MediaInfo] MediaInfo - 
[MediaInfo] MediaInfo - 1
Jul 24, 2017 8:00:33 AM aka.jmetadata.main.mediainfo.MediaInfo <init>
INFO: Loading MediaInfo library
Jul 24, 2017 8:00:33 AM aka.jmetadata.main.mediainfo.MediaInfo <init>
INFO: Loaded MediaInfoLib - v0.7.95
[MediaInfo] MediaInfo - 
[MediaInfo] MediaInfo - 1
Jul 24, 2017 8:00:33 AM aka.jmetadata.main.mediainfo.MediaInfo <init>
INFO: Loading MediaInfo library
Jul 24, 2017 8:00:33 AM aka.jmetadata.main.mediainfo.MediaInfo <init>
INFO: Loaded MediaInfoLib - v0.7.95
[MediaInfo] MediaInfo - 
[MediaInfo] MediaInfo - 1
Jul 24, 2017 8:00:33 AM aka.jmetadata.main.mediainfo.MediaInfo <init>
INFO: Loading MediaInfo library
Jul 24, 2017 8:00:33 AM aka.jmetadata.main.mediainfo.MediaInfo <init>
INFO: Loaded MediaInfoLib - v0.7.95
[MediaInfo] MediaInfo - 
[MediaInfo] MediaInfo - 1
Jul 24, 2017 8:00:33 AM aka.jmetadata.main.mediainfo.MediaInfo <init>
INFO: Loading MediaInfo library
Jul 24, 2017 8:00:33 AM aka.jmetadata.main.mediainfo.MediaInfo <init>
INFO: Loaded MediaInfoLib - v0.7.95
[MediaInfo] MediaInfo - 
[MediaInfo] MediaInfo - 1
Jul 24, 2017 8:00:33 AM aka.jmetadata.main.mediainfo.MediaInfo <init>
INFO: Loading MediaInfo library
Jul 24, 2017 8:00:33 AM aka.jmetadata.main.mediainfo.MediaInfo <init>
INFO: Loaded MediaInfoLib - v0.7.95
[MediaInfo] MediaInfo - 
[MediaInfo] MediaInfo - 1
Jul 24, 2017 8:00:33 AM aka.jmetadata.main.mediainfo.MediaInfo <init>
INFO: Loading MediaInfo library
Jul 24, 2017 8:00:33 AM aka.jmetadata.main.mediainfo.MediaInfo <init>
INFO: Loaded MediaInfoLib - v0.7.95
[MediaInfo] MediaInfo - 
[MediaInfo] MediaInfo - 1
Jul 24, 2017 8:00:33 AM aka.jmetadata.main.mediainfo.MediaInfo <init>
INFO: Loading MediaInfo library
Jul 24, 2017 8:00:33 AM aka.jmetadata.main.mediainfo.MediaInfo <init>
INFO: Loaded MediaInfoLib - v0.7.95
[MediaInfo] MediaInfo - 
[MediaInfo] MediaInfo - 1
Jul 24, 2017 8:00:33 AM aka.jmetadata.main.mediainfo.MediaInfo <init>
INFO: Loading MediaInfo library
Jul 24, 2017 8:00:33 AM aka.jmetadata.main.mediainfo.MediaInfo <init>
INFO: Loaded MediaInfoLib - v0.7.95
[MediaInfo] MediaInfo - 
[MediaInfo] MediaInfo - 1
Jul 24, 2017 8:00:33 AM aka.jmetadata.main.mediainfo.MediaInfo <init>
INFO: Loading MediaInfo library
Jul 24, 2017 8:00:33 AM aka.jmetadata.main.mediainfo.MediaInfo <init>
INFO: Loaded MediaInfoLib - v0.7.95
[MediaInfo] MediaInfo - 
[MediaInfo] MediaInfo - 1
Jul 24, 2017 8:00:33 AM aka.jmetadata.main.mediainfo.MediaInfo <init>
INFO: Loading MediaInfo library
Jul 24, 2017 8:00:33 AM aka.jmetadata.main.mediainfo.MediaInfo <init>
INFO: Loaded MediaInfoLib - v0.7.95
[MediaInfo] MediaInfo - 
[MediaInfo] MediaInfo - 1
Jul 24, 2017 8:00:33 AM aka.jmetadata.main.mediainfo.MediaInfo <init>
INFO: Loading MediaInfo library
Jul 24, 2017 8:00:33 AM aka.jmetadata.main.mediainfo.MediaInfo <init>
INFO: Loaded MediaInfoLib - v0.7.95
[MediaInfo] MediaInfo - 
[MediaInfo] MediaInfo - 1
Jul 24, 2017 8:00:33 AM aka.jmetadata.main.mediainfo.MediaInfo <init>
INFO: Loading MediaInfo library
Jul 24, 2017 8:00:33 AM aka.jmetadata.main.mediainfo.MediaInfo <init>
INFO: Loaded MediaInfoLib - v0.7.95
[MediaInfo] MediaInfo - 
[MediaInfo] MediaInfo - 1
Jul 24, 2017 8:00:33 AM aka.jmetadata.main.mediainfo.MediaInfo <init>
INFO: Loading MediaInfo library
Jul 24, 2017 8:00:33 AM aka.jmetadata.main.mediainfo.MediaInfo <init>
INFO: Loaded MediaInfoLib - v0.7.95
[MediaInfo] MediaInfo - 
[MediaInfo] MediaInfo - 1
Jul 24, 2017 8:00:33 AM aka.jmetadata.main.mediainfo.MediaInfo <init>
INFO: Loading MediaInfo library
Jul 24, 2017 8:00:33 AM aka.jmetadata.main.mediainfo.MediaInfo <init>
INFO: Loaded MediaInfoLib - v0.7.95
[MediaInfo] MediaInfo - 
[MediaInfo] MediaInfo - 1
Jul 24, 2017 8:00:33 AM aka.jmetadata.main.mediainfo.MediaInfo <init>
INFO: Loading MediaInfo library
Jul 24, 2017 8:00:33 AM aka.jmetadata.main.mediainfo.MediaInfo <init>
INFO: Loaded MediaInfoLib - v0.7.95
[MediaInfo] MediaInfo - 
[MediaInfo] MediaInfo - 1
Jul 24, 2017 8:00:33 AM aka.jmetadata.main.mediainfo.MediaInfo <init>
INFO: Loading MediaInfo library
Jul 24, 2017 8:00:33 AM aka.jmetadata.main.mediainfo.MediaInfo <init>
INFO: Loaded MediaInfoLib - v0.7.95
[MediaInfo] MediaInfo - 
[MediaInfo] MediaInfo - 1
Jul 24, 2017 8:00:33 AM aka.jmetadata.main.mediainfo.MediaInfo <init>
INFO: Loading MediaInfo library
Jul 24, 2017 8:00:33 AM aka.jmetadata.main.mediainfo.MediaInfo <init>
INFO: Loaded MediaInfoLib - v0.7.95
[MediaInfo] MediaInfo - 
[MediaInfo] MediaInfo - 1
Jul 24, 2017 8:00:34 AM aka.jmetadata.main.mediainfo.MediaInfo <init>
INFO: Loading MediaInfo library
Jul 24, 2017 8:00:34 AM aka.jmetadata.main.mediainfo.MediaInfo <init>
INFO: Loaded MediaInfoLib - v0.7.95
[MediaInfo] MediaInfo - 
[MediaInfo] MediaInfo - 1
Jul 24, 2017 8:00:34 AM aka.jmetadata.main.mediainfo.MediaInfo <init>
INFO: Loading MediaInfo library
Jul 24, 2017 8:00:34 AM aka.jmetadata.main.mediainfo.MediaInfo <init>
INFO: Loaded MediaInfoLib - v0.7.95
[MediaInfo] MediaInfo - 
[MediaInfo] MediaInfo - 1
Jul 24, 2017 8:00:34 AM aka.jmetadata.main.mediainfo.MediaInfo <init>
INFO: Loading MediaInfo library
Jul 24, 2017 8:00:34 AM aka.jmetadata.main.mediainfo.MediaInfo <init>
INFO: Loaded MediaInfoLib - v0.7.95
[MediaInfo] MediaInfo - 
[MediaInfo] MediaInfo - 1
Jul 24, 2017 8:00:34 AM aka.jmetadata.main.mediainfo.MediaInfo <init>
INFO: Loading MediaInfo library
Jul 24, 2017 8:00:34 AM aka.jmetadata.main.mediainfo.MediaInfo <init>
INFO: Loaded MediaInfoLib - v0.7.95
[MediaInfo] MediaInfo - 
[MediaInfo] MediaInfo - 1
Jul 24, 2017 8:00:34 AM aka.jmetadata.main.mediainfo.MediaInfo <init>
INFO: Loading MediaInfo library
Jul 24, 2017 8:00:34 AM aka.jmetadata.main.mediainfo.MediaInfo <init>
INFO: Loaded MediaInfoLib - v0.7.95
[MediaInfo] MediaInfo - 
[MediaInfo] MediaInfo - 1
Jul 24, 2017 8:00:34 AM aka.jmetadata.main.mediainfo.MediaInfo <init>
INFO: Loading MediaInfo library
Jul 24, 2017 8:00:34 AM aka.jmetadata.main.mediainfo.MediaInfo <init>
INFO: Loaded MediaInfoLib - v0.7.95
[MediaInfo] MediaInfo - 
[MediaInfo] MediaInfo - 1
Jul 24, 2017 8:00:34 AM aka.jmetadata.main.mediainfo.MediaInfo <init>
INFO: Loading MediaInfo library
Jul 24, 2017 8:00:34 AM aka.jmetadata.main.mediainfo.MediaInfo <init>
INFO: Loaded MediaInfoLib - v0.7.95
[MediaInfo] MediaInfo - 
[MediaInfo] MediaInfo - 1
Jul 24, 2017 8:00:34 AM aka.jmetadata.main.mediainfo.MediaInfo <init>
INFO: Loading MediaInfo library
Jul 24, 2017 8:00:34 AM aka.jmetadata.main.mediainfo.MediaInfo <init>
INFO: Loaded MediaInfoLib - v0.7.95
[MediaInfo] MediaInfo - 
[MediaInfo] MediaInfo - 1
Jul 24, 2017 8:00:34 AM aka.jmetadata.main.mediainfo.MediaInfo <init>
INFO: Loading MediaInfo library
Jul 24, 2017 8:00:34 AM aka.jmetadata.main.mediainfo.MediaInfo <init>
INFO: Loaded MediaInfoLib - v0.7.95
[MediaInfo] MediaInfo - 
[MediaInfo] MediaInfo - 1
Jul 24, 2017 8:00:34 AM aka.jmetadata.main.mediainfo.MediaInfo <init>
INFO: Loading MediaInfo library
Jul 24, 2017 8:00:34 AM aka.jmetadata.main.mediainfo.MediaInfo <init>
INFO: Loaded MediaInfoLib - v0.7.95
[MediaInfo] MediaInfo - 
[MediaInfo] MediaInfo - 1
Jul 24, 2017 8:00:34 AM aka.jmetadata.main.mediainfo.MediaInfo <init>
INFO: Loading MediaInfo library
Jul 24, 2017 8:00:34 AM aka.jmetadata.main.mediainfo.MediaInfo <init>
INFO: Loaded MediaInfoLib - v0.7.95
[MediaInfo] MediaInfo - 
[MediaInfo] MediaInfo - 1
Jul 24, 2017 8:00:34 AM aka.jmetadata.main.mediainfo.MediaInfo <init>
INFO: Loading MediaInfo library
Jul 24, 2017 8:00:34 AM aka.jmetadata.main.mediainfo.MediaInfo <init>
INFO: Loaded MediaInfoLib - v0.7.95
[MediaInfo] MediaInfo - 
[MediaInfo] MediaInfo - 1
Jul 24, 2017 8:00:34 AM aka.jmetadata.main.mediainfo.MediaInfo <init>
INFO: Loading MediaInfo library
Jul 24, 2017 8:00:34 AM aka.jmetadata.main.mediainfo.MediaInfo <init>
INFO: Loaded MediaInfoLib - v0.7.95
[MediaInfo] MediaInfo - 
[MediaInfo] MediaInfo - 1
Jul 24, 2017 8:00:34 AM aka.jmetadata.main.mediainfo.MediaInfo <init>
INFO: Loading MediaInfo library
Jul 24, 2017 8:00:34 AM aka.jmetadata.main.mediainfo.MediaInfo <init>
INFO: Loaded MediaInfoLib - v0.7.95
[MediaInfo] MediaInfo - 
[MediaInfo] MediaInfo - 1
Jul 24, 2017 8:00:34 AM aka.jmetadata.main.mediainfo.MediaInfo <init>
INFO: Loading MediaInfo library
Jul 24, 2017 8:00:34 AM aka.jmetadata.main.mediainfo.MediaInfo <init>
INFO: Loaded MediaInfoLib - v0.7.95
[MediaInfo] MediaInfo - 
[MediaInfo] MediaInfo - 1
Jul 24, 2017 8:00:34 AM aka.jmetadata.main.mediainfo.MediaInfo <init>
INFO: Loading MediaInfo library
Jul 24, 2017 8:00:34 AM aka.jmetadata.main.mediainfo.MediaInfo <init>
INFO: Loaded MediaInfoLib - v0.7.95
[MediaInfo] MediaInfo - 
[MediaInfo] MediaInfo - 1
Jul 24, 2017 8:00:34 AM aka.jmetadata.main.mediainfo.MediaInfo <init>
INFO: Loading MediaInfo library
Jul 24, 2017 8:00:34 AM aka.jmetadata.main.mediainfo.MediaInfo <init>
INFO: Loaded MediaInfoLib - v0.7.95
[MediaInfo] MediaInfo - 
[MediaInfo] MediaInfo - 1
Jul 24, 2017 8:00:34 AM aka.jmetadata.main.mediainfo.MediaInfo <init>
INFO: Loading MediaInfo library
Jul 24, 2017 8:00:34 AM aka.jmetadata.main.mediainfo.MediaInfo <init>
INFO: Loaded MediaInfoLib - v0.7.95
[MediaInfo] MediaInfo - 
[MediaInfo] MediaInfo - 1
Jul 24, 2017 8:00:34 AM aka.jmetadata.main.mediainfo.MediaInfo <init>
INFO: Loading MediaInfo library
Jul 24, 2017 8:00:34 AM aka.jmetadata.main.mediainfo.MediaInfo <init>
INFO: Loaded MediaInfoLib - v0.7.95
[MediaInfo] MediaInfo - 
[MediaInfo] MediaInfo - 1
Jul 24, 2017 8:00:34 AM aka.jmetadata.main.mediainfo.MediaInfo <init>
INFO: Loading MediaInfo library
Jul 24, 2017 8:00:34 AM aka.jmetadata.main.mediainfo.MediaInfo <init>
INFO: Loaded MediaInfoLib - v0.7.95
[MediaInfo] MediaInfo - 
[MediaInfo] MediaInfo - 1
Jul 24, 2017 8:00:34 AM aka.jmetadata.main.mediainfo.MediaInfo <init>
INFO: Loading MediaInfo library
Jul 24, 2017 8:00:34 AM aka.jmetadata.main.mediainfo.MediaInfo <init>
INFO: Loaded MediaInfoLib - v0.7.95
[MediaInfo] MediaInfo - 
[MediaInfo] MediaInfo - 1
Jul 24, 2017 8:00:34 AM aka.jmetadata.main.mediainfo.MediaInfo <init>
INFO: Loading MediaInfo library
Jul 24, 2017 8:00:34 AM aka.jmetadata.main.mediainfo.MediaInfo <init>
INFO: Loaded MediaInfoLib - v0.7.95
[MediaInfo] MediaInfo - 
[MediaInfo] MediaInfo - 1
Jul 24, 2017 8:00:34 AM aka.jmetadata.main.mediainfo.MediaInfo <init>
INFO: Loading MediaInfo library
Jul 24, 2017 8:00:34 AM aka.jmetadata.main.mediainfo.MediaInfo <init>
INFO: Loaded MediaInfoLib - v0.7.95
[MediaInfo] MediaInfo - 
[MediaInfo] MediaInfo - 1
Jul 24, 2017 8:00:34 AM aka.jmetadata.main.mediainfo.MediaInfo <init>
INFO: Loading MediaInfo library
Jul 24, 2017 8:00:34 AM aka.jmetadata.main.mediainfo.MediaInfo <init>
INFO: Loaded MediaInfoLib - v0.7.95
[MediaInfo] MediaInfo - 
[MediaInfo] MediaInfo - 1
Jul 24, 2017 8:00:34 AM aka.jmetadata.main.mediainfo.MediaInfo <init>
INFO: Loading MediaInfo library
Jul 24, 2017 8:00:34 AM aka.jmetadata.main.mediainfo.MediaInfo <init>
INFO: Loaded MediaInfoLib - v0.7.95
[MediaInfo] MediaInfo - 
[MediaInfo] MediaInfo - 1
Jul 24, 2017 8:00:34 AM aka.jmetadata.main.mediainfo.MediaInfo <init>
INFO: Loading MediaInfo library
Jul 24, 2017 8:00:34 AM aka.jmetadata.main.mediainfo.MediaInfo <init>
INFO: Loaded MediaInfoLib - v0.7.95
[MediaInfo] MediaInfo - 
[MediaInfo] MediaInfo - 1
Jul 24, 2017 8:00:34 AM aka.jmetadata.main.mediainfo.MediaInfo <init>
INFO: Loading MediaInfo library
Jul 24, 2017 8:00:34 AM aka.jmetadata.main.mediainfo.MediaInfo <init>
INFO: Loaded MediaInfoLib - v0.7.95
[MediaInfo] MediaInfo - 
[MediaInfo] MediaInfo - 1
Jul 24, 2017 8:00:34 AM aka.jmetadata.main.mediainfo.MediaInfo <init>
INFO: Loading MediaInfo library
Jul 24, 2017 8:00:34 AM aka.jmetadata.main.mediainfo.MediaInfo <init>
INFO: Loaded MediaInfoLib - v0.7.95
[MediaInfo] MediaInfo - 
[MediaInfo] MediaInfo - 1
Jul 24, 2017 8:00:35 AM aka.jmetadata.main.mediainfo.MediaInfo <init>
INFO: Loading MediaInfo library
Jul 24, 2017 8:00:35 AM aka.jmetadata.main.mediainfo.MediaInfo <init>
INFO: Loaded MediaInfoLib - v0.7.95
[MediaInfo] MediaInfo - 
[MediaInfo] MediaInfo - 1
Jul 24, 2017 8:00:35 AM aka.jmetadata.main.mediainfo.MediaInfo <init>
INFO: Loading MediaInfo library
Jul 24, 2017 8:00:35 AM aka.jmetadata.main.mediainfo.MediaInfo <init>
INFO: Loaded MediaInfoLib - v0.7.95
[MediaInfo] MediaInfo - 
[MediaInfo] MediaInfo - 1
Jul 24, 2017 8:00:35 AM aka.jmetadata.main.mediainfo.MediaInfo <init>
INFO: Loading MediaInfo library
Jul 24, 2017 8:00:35 AM aka.jmetadata.main.mediainfo.MediaInfo <init>
INFO: Loaded MediaInfoLib - v0.7.95
[MediaInfo] MediaInfo - 
[MediaInfo] MediaInfo - 1
Jul 24, 2017 8:00:35 AM aka.jmetadata.main.mediainfo.MediaInfo <init>
INFO: Loading MediaInfo library
Jul 24, 2017 8:00:35 AM aka.jmetadata.main.mediainfo.MediaInfo <init>
INFO: Loaded MediaInfoLib - v0.7.95
[MediaInfo] MediaInfo - 
[MediaInfo] MediaInfo - 1
Jul 24, 2017 8:00:35 AM aka.jmetadata.main.mediainfo.MediaInfo <init>
INFO: Loading MediaInfo library
Jul 24, 2017 8:00:35 AM aka.jmetadata.main.mediainfo.MediaInfo <init>
INFO: Loaded MediaInfoLib - v0.7.95
[MediaInfo] MediaInfo - 
[MediaInfo] MediaInfo - 1
Jul 24, 2017 8:00:35 AM aka.jmetadata.main.mediainfo.MediaInfo <init>
INFO: Loading MediaInfo library
Jul 24, 2017 8:00:35 AM aka.jmetadata.main.mediainfo.MediaInfo <init>
INFO: Loaded MediaInfoLib - v0.7.95
[MediaInfo] MediaInfo - 
[MediaInfo] MediaInfo - 1
Jul 24, 2017 8:00:35 AM aka.jmetadata.main.mediainfo.MediaInfo <init>
INFO: Loading MediaInfo library
Jul 24, 2017 8:00:35 AM aka.jmetadata.main.mediainfo.MediaInfo <init>
INFO: Loaded MediaInfoLib - v0.7.95
[MediaInfo] MediaInfo - 
[MediaInfo] MediaInfo - 1
Jul 24, 2017 8:00:35 AM aka.jmetadata.main.mediainfo.MediaInfo <init>
INFO: Loading MediaInfo library
Jul 24, 2017 8:00:35 AM aka.jmetadata.main.mediainfo.MediaInfo <init>
INFO: Loaded MediaInfoLib - v0.7.95
[MediaInfo] MediaInfo - 
[MediaInfo] MediaInfo - 1
Jul 24, 2017 8:00:35 AM aka.jmetadata.main.mediainfo.MediaInfo <init>
INFO: Loading MediaInfo library
Jul 24, 2017 8:00:35 AM aka.jmetadata.main.mediainfo.MediaInfo <init>
INFO: Loaded MediaInfoLib - v0.7.95
[MediaInfo] MediaInfo - 
[MediaInfo] MediaInfo - 1
Jul 24, 2017 8:00:35 AM aka.jmetadata.main.mediainfo.MediaInfo <init>
INFO: Loading MediaInfo library
Jul 24, 2017 8:00:35 AM aka.jmetadata.main.mediainfo.MediaInfo <init>
INFO: Loaded MediaInfoLib - v0.7.95
[MediaInfo] MediaInfo - 
[MediaInfo] MediaInfo - 1
Jul 24, 2017 8:00:35 AM aka.jmetadata.main.mediainfo.MediaInfo <init>
INFO: Loading MediaInfo library
Jul 24, 2017 8:00:35 AM aka.jmetadata.main.mediainfo.MediaInfo <init>
INFO: Loaded MediaInfoLib - v0.7.95
]]></system-err>
</testsuite>
