<?xml version="1.0" encoding="UTF-8" ?>
<testsuite errors="21" failures="0" hostname="ABSI-Charlottew" name="aka.jmetadataquery.test.JMetadataQuery_Test" skipped="0" tests="21" time="0.484" timestamp="2017-07-24T05:45:03">
  <properties>
[...]
</properties>
  <testcase classname="aka.jmetadataquery.test.JMetadataQuery_Test" name="testAudioCodecSearch" time="0.07">
    <error message="com/sun/jna/Platform" type="java.lang.NoClassDefFoundError">java.lang.NoClassDefFoundError: com/sun/jna/Platform
	at aka.jmetadata.main.JMetaData.&lt;clinit&gt;(JMetaData.java:38)
	at aka.jmetadataquery.main.types.search.Criteria.isFileMatchingCriteria(Criteria.java:81)
	at aka.jmetadataquery.test.JMetadataQuery_Test.testAudioCodecSearch(JMetadataQuery_Test.java:449)
Caused by: java.lang.ClassNotFoundException: com.sun.jna.Platform
	at java.net.URLClassLoader.findClass(URLClassLoader.java:381)
	at java.lang.ClassLoader.loadClass(ClassLoader.java:424)
	at sun.misc.Launcher$AppClassLoader.loadClass(Launcher.java:331)
	at java.lang.ClassLoader.loadClass(ClassLoader.java:357)
</error>
  </testcase>
  <testcase classname="aka.jmetadataquery.test.JMetadataQuery_Test" name="testVideoMaxBitRateSearch" time="0.047">
    <error message="Could not initialize class aka.jmetadata.main.JMetaData" type="java.lang.NoClassDefFoundError">java.lang.NoClassDefFoundError: Could not initialize class aka.jmetadata.main.JMetaData
	at aka.jmetadataquery.main.types.search.Criteria.isFileMatchingCriteria(Criteria.java:81)
	at aka.jmetadataquery.test.JMetadataQuery_Test.testVideoMaxBitRateSearch(JMetadataQuery_Test.java:248)
</error>
  </testcase>
  <testcase classname="aka.jmetadataquery.test.JMetadataQuery_Test" name="testVideoAspectRatioSearch" time="0.006">
    <error message="Could not initialize class aka.jmetadata.main.JMetaData" type="java.lang.NoClassDefFoundError">java.lang.NoClassDefFoundError: Could not initialize class aka.jmetadata.main.JMetaData
	at aka.jmetadataquery.main.types.search.Criteria.isFileMatchingCriteria(Criteria.java:81)
	at aka.jmetadataquery.test.JMetadataQuery_Test.testVideoAspectRatioSearch(JMetadataQuery_Test.java:482)
</error>
  </testcase>
  <testcase classname="aka.jmetadataquery.test.JMetadataQuery_Test" name="testANDSearch" time="0.016">
    <error message="Could not initialize class aka.jmetadata.main.JMetaData" type="java.lang.NoClassDefFoundError">java.lang.NoClassDefFoundError: Could not initialize class aka.jmetadata.main.JMetaData
	at aka.jmetadataquery.main.types.search.Criteria.isFileMatchingCriteria(Criteria.java:81)
	at aka.jmetadataquery.main.types.search.operation.AndSearch.isFileMatchingCriteria(AndSearch.java:66)
	at aka.jmetadataquery.test.JMetadataQuery_Test.testANDSearch(JMetadataQuery_Test.java:93)
</error>
  </testcase>
  <testcase classname="aka.jmetadataquery.test.JMetadataQuery_Test" name="testTextLanguageSearch" time="0.02">
    <error message="Could not initialize class aka.jmetadata.main.JMetaData" type="java.lang.NoClassDefFoundError">java.lang.NoClassDefFoundError: Could not initialize class aka.jmetadata.main.JMetaData
	at aka.jmetadataquery.main.types.search.Criteria.isFileMatchingCriteria(Criteria.java:81)
	at aka.jmetadataquery.test.JMetadataQuery_Test.testTextLanguageSearch(JMetadataQuery_Test.java:431)
</error>
  </testcase>
  <testcase classname="aka.jmetadataquery.test.JMetadataQuery_Test" name="testORSearch" time="0.004">
    <error message="Could not initialize class aka.jmetadata.main.JMetaData" type="java.lang.NoClassDefFoundError">java.lang.NoClassDefFoundError: Could not initialize class aka.jmetadata.main.JMetaData
	at aka.jmetadataquery.main.types.search.Criteria.isFileMatchingCriteria(Criteria.java:81)
	at aka.jmetadataquery.main.types.search.operation.OrSearch.isFileMatchingCriteria(OrSearch.java:66)
	at aka.jmetadataquery.test.JMetadataQuery_Test.testORSearch(JMetadataQuery_Test.java:70)
</error>
  </testcase>
  <testcase classname="aka.jmetadataquery.test.JMetadataQuery_Test" name="testAudioFormatSearch" time="0.011">
    <error message="Could not initialize class aka.jmetadata.main.JMetaData" type="java.lang.NoClassDefFoundError">java.lang.NoClassDefFoundError: Could not initialize class aka.jmetadata.main.JMetaData
	at aka.jmetadataquery.main.types.search.Criteria.isFileMatchingCriteria(Criteria.java:81)
	at aka.jmetadataquery.test.JMetadataQuery_Test.testAudioFormatSearch(JMetadataQuery_Test.java:391)
</error>
  </testcase>
  <testcase classname="aka.jmetadataquery.test.JMetadataQuery_Test" name="testAudioProfileSearch" time="0.007">
    <error message="Could not initialize class aka.jmetadata.main.JMetaData" type="java.lang.NoClassDefFoundError">java.lang.NoClassDefFoundError: Could not initialize class aka.jmetadata.main.JMetaData
	at aka.jmetadataquery.main.types.search.Criteria.isFileMatchingCriteria(Criteria.java:81)
	at aka.jmetadataquery.test.JMetadataQuery_Test.testAudioProfileSearch(JMetadataQuery_Test.java:154)
</error>
  </testcase>
  <testcase classname="aka.jmetadataquery.test.JMetadataQuery_Test" name="testAudioCompressionModeSearch" time="0.006">
    <error message="Could not initialize class aka.jmetadata.main.JMetaData" type="java.lang.NoClassDefFoundError">java.lang.NoClassDefFoundError: Could not initialize class aka.jmetadata.main.JMetaData
	at aka.jmetadataquery.main.types.search.Criteria.isFileMatchingCriteria(Criteria.java:81)
	at aka.jmetadataquery.test.JMetadataQuery_Test.testAudioCompressionModeSearch(JMetadataQuery_Test.java:142)
</error>
  </testcase>
  <testcase classname="aka.jmetadataquery.test.JMetadataQuery_Test" name="testAudioBitRateSearch" time="0.003">
    <error message="Could not initialize class aka.jmetadata.main.JMetaData" type="java.lang.NoClassDefFoundError">java.lang.NoClassDefFoundError: Could not initialize class aka.jmetadata.main.JMetaData
	at aka.jmetadataquery.main.types.search.Criteria.isFileMatchingCriteria(Criteria.java:81)
	at aka.jmetadataquery.test.JMetadataQuery_Test.testAudioBitRateSearch(JMetadataQuery_Test.java:283)
</error>
  </testcase>
  <testcase classname="aka.jmetadataquery.test.JMetadataQuery_Test" name="testMultipleSearch" time="0.0">
    <error message="Could not initialize class aka.jmetadata.main.JMetaData" type="java.lang.NoClassDefFoundError">java.lang.NoClassDefFoundError: Could not initialize class aka.jmetadata.main.JMetaData
	at aka.jmetadataquery.main.types.search.Criteria.getStreamsIDInFileMatchingCriteria(Criteria.java:63)
	at aka.jmetadataquery.main.types.search.operation.AndSearch.isFileMatchingCriteria(AndSearch.java:60)
	at aka.jmetadataquery.test.JMetadataQuery_Test.testMultipleSearch(JMetadataQuery_Test.java:169)
</error>
  </testcase>
  <testcase classname="aka.jmetadataquery.test.JMetadataQuery_Test" name="testAudioLanguageSearch" time="0.003">
    <error message="Could not initialize class aka.jmetadata.main.JMetaData" type="java.lang.NoClassDefFoundError">java.lang.NoClassDefFoundError: Could not initialize class aka.jmetadata.main.JMetaData
	at aka.jmetadataquery.main.types.search.Criteria.isFileMatchingCriteria(Criteria.java:81)
	at aka.jmetadataquery.test.JMetadataQuery_Test.testAudioLanguageSearch(JMetadataQuery_Test.java:420)
</error>
  </testcase>
  <testcase classname="aka.jmetadataquery.test.JMetadataQuery_Test" name="testVideoCodecSearch" time="0.013">
    <error message="Could not initialize class aka.jmetadata.main.JMetaData" type="java.lang.NoClassDefFoundError">java.lang.NoClassDefFoundError: Could not initialize class aka.jmetadata.main.JMetaData
	at aka.jmetadataquery.main.types.search.Criteria.isFileMatchingCriteria(Criteria.java:81)
	at aka.jmetadataquery.test.JMetadataQuery_Test.testVideoCodecSearch(JMetadataQuery_Test.java:409)
</error>
  </testcase>
  <testcase classname="aka.jmetadataquery.test.JMetadataQuery_Test" name="testSameStreamSearch" time="0.001">
    <error message="Could not initialize class aka.jmetadata.main.JMetaData" type="java.lang.NoClassDefFoundError">java.lang.NoClassDefFoundError: Could not initialize class aka.jmetadata.main.JMetaData
	at aka.jmetadataquery.main.types.search.Criteria.getStreamsIDInFileMatchingCriteria(Criteria.java:63)
	at aka.jmetadataquery.main.types.search.operation.AndSearch.isFileMatchingCriteria(AndSearch.java:60)
	at aka.jmetadataquery.test.JMetadataQuery_Test.testSameStreamSearch(JMetadataQuery_Test.java:103)
</error>
  </testcase>
  <testcase classname="aka.jmetadataquery.test.JMetadataQuery_Test" name="testFileExtensionSearch" time="0.003">
    <error message="Could not initialize class aka.jmetadata.main.JMetaData" type="java.lang.NoClassDefFoundError">java.lang.NoClassDefFoundError: Could not initialize class aka.jmetadata.main.JMetaData
	at aka.jmetadataquery.main.types.search.Criteria.isFileMatchingCriteria(Criteria.java:81)
	at aka.jmetadataquery.test.JMetadataQuery_Test.testFileExtensionSearch(JMetadataQuery_Test.java:131)
</error>
  </testcase>
  <testcase classname="aka.jmetadataquery.test.JMetadataQuery_Test" name="testVideoFormatSearch" time="0.004">
    <error message="Could not initialize class aka.jmetadata.main.JMetaData" type="java.lang.NoClassDefFoundError">java.lang.NoClassDefFoundError: Could not initialize class aka.jmetadata.main.JMetaData
	at aka.jmetadataquery.main.types.search.Criteria.isFileMatchingCriteria(Criteria.java:81)
	at aka.jmetadataquery.test.JMetadataQuery_Test.testVideoFormatSearch(JMetadataQuery_Test.java:201)
</error>
  </testcase>
  <testcase classname="aka.jmetadataquery.test.JMetadataQuery_Test" name="testMultiple" time="0.0">
    <error message="Could not initialize class aka.jmetadata.main.JMetaData" type="java.lang.NoClassDefFoundError">java.lang.NoClassDefFoundError: Could not initialize class aka.jmetadata.main.JMetaData
	at aka.jmetadataquery.main.types.search.Criteria.getStreamsIDInFileMatchingCriteria(Criteria.java:63)
	at aka.jmetadataquery.main.types.search.operation.AndSearch.isFileMatchingCriteria(AndSearch.java:60)
	at aka.jmetadataquery.test.JMetadataQuery_Test.testMultiple(JMetadataQuery_Test.java:83)
</error>
  </testcase>
  <testcase classname="aka.jmetadataquery.test.JMetadataQuery_Test" name="testAudioChannelSearch" time="0.003">
    <error message="Could not initialize class aka.jmetadata.main.JMetaData" type="java.lang.NoClassDefFoundError">java.lang.NoClassDefFoundError: Could not initialize class aka.jmetadata.main.JMetaData
	at aka.jmetadataquery.main.types.search.Criteria.isFileMatchingCriteria(Criteria.java:81)
	at aka.jmetadataquery.test.JMetadataQuery_Test.testAudioChannelSearch(JMetadataQuery_Test.java:319)
</error>
  </testcase>
  <testcase classname="aka.jmetadataquery.test.JMetadataQuery_Test" name="testGeneralDurationSearch" time="0.003">
    <error message="Could not initialize class aka.jmetadata.main.JMetaData" type="java.lang.NoClassDefFoundError">java.lang.NoClassDefFoundError: Could not initialize class aka.jmetadata.main.JMetaData
	at aka.jmetadataquery.main.types.search.Criteria.isFileMatchingCriteria(Criteria.java:81)
	at aka.jmetadataquery.test.JMetadataQuery_Test.testGeneralDurationSearch(JMetadataQuery_Test.java:356)
</error>
  </testcase>
  <testcase classname="aka.jmetadataquery.test.JMetadataQuery_Test" name="testVideoResolutionSearch" time="0.007">
    <error message="Could not initialize class aka.jmetadata.main.JMetaData" type="java.lang.NoClassDefFoundError">java.lang.NoClassDefFoundError: Could not initialize class aka.jmetadata.main.JMetaData
	at aka.jmetadataquery.main.types.search.Criteria.isFileMatchingCriteria(Criteria.java:81)
	at aka.jmetadataquery.test.JMetadataQuery_Test.testVideoResolutionSearch(JMetadataQuery_Test.java:467)
</error>
  </testcase>
  <testcase classname="aka.jmetadataquery.test.JMetadataQuery_Test" name="testFileSizeSearch" time="0.018">
    <error message="Could not initialize class aka.jmetadata.main.JMetaData" type="java.lang.NoClassDefFoundError">java.lang.NoClassDefFoundError: Could not initialize class aka.jmetadata.main.JMetaData
	at aka.jmetadataquery.main.types.search.Criteria.isFileMatchingCriteria(Criteria.java:81)
	at aka.jmetadataquery.test.JMetadataQuery_Test.testFileSizeSearch(JMetadataQuery_Test.java:212)
</error>
  </testcase>
  <system-out><![CDATA[]]></system-out>
  <system-err><![CDATA[]]></system-err>
</testsuite>
